===== Step 1: Preprocess (background removal + features) =====
Processing train (1000 samples)...
  200/1000 done
  400/1000 done
  600/1000 done
  800/1000 done
  1000/1000 done
  train complete!
Processing dev (100 samples)...
  dev complete!
Processing test (1000 samples)...
  200/1000 done
  400/1000 done
  600/1000 done
  800/1000 done
  1000/1000 done
  test complete!

Saved 2100 samples to /home/pascal/Ora/kimjunhee/workspace/dacon/experiments/exp020_structural_features/structural_features.csv

=== Feature comparison (front) ===
front_pixels             : unstable=8097.31±4162.23  stable=9218.34±4056.49
front_h                  : unstable=172.15±55.45  stable=179.45±48.79
front_w                  : unstable=147.06±76.92  stable=123.59±69.89
front_hw_ratio           : unstable=1.43±0.83  stable=1.88±1.38
front_lean               : unstable=20.81±19.06  stable=5.34±14.33
front_top_base_ratio     : unstable=1.80±13.63  stable=1.09±0.73
front_cy_ratio           : unstable=0.48±0.03  stable=0.48±0.02
front_cx_ratio           : unstable=0.51±0.07  stable=0.50±0.01
front_fill_ratio         : unstable=0.36±0.15  stable=0.49±0.21
front_symmetry           : unstable=0.91±0.09  stable=0.95±0.09

===== Step 2: Train structural model =====
Warning: You are sending unauthenticated requests to the HF Hub. Please set a HF_TOKEN to enable higher rate limits and faster downloads.
Device: cuda:0
Model: convnext_small.fb_in22k_ft_in1k
Structural features: 20
Real: 1100, Pseudo: 928

==================================================
Fold 1/5
==================================================
Train: 5020, Val: 220
[Epoch 01/40] Train Loss: 0.2904 Acc: 0.9452 | Val LogLoss: 0.0630 Acc: 0.9909
  -> Best model saved! (LogLoss: 0.0630)
[Epoch 02/40] Train Loss: 0.2294 Acc: 0.9853 | Val LogLoss: 0.0732 Acc: 1.0000
[Epoch 03/40] Train Loss: 0.2310 Acc: 0.9817 | Val LogLoss: 0.0766 Acc: 0.9909
[Epoch 04/40] Train Loss: 0.2208 Acc: 0.9880 | Val LogLoss: 0.0536 Acc: 0.9955
  -> Best model saved! (LogLoss: 0.0536)
[Epoch 05/40] Train Loss: 0.2125 Acc: 0.9936 | Val LogLoss: 0.0691 Acc: 0.9955
[Epoch 06/40] Train Loss: 0.2139 Acc: 0.9922 | Val LogLoss: 0.0720 Acc: 0.9909
[Epoch 07/40] Train Loss: 0.2220 Acc: 0.9896 | Val LogLoss: 0.0594 Acc: 0.9955
[Epoch 08/40] Train Loss: 0.2211 Acc: 0.9878 | Val LogLoss: 0.0612 Acc: 0.9955
[Epoch 09/40] Train Loss: 0.2123 Acc: 0.9928 | Val LogLoss: 0.0605 Acc: 0.9955
[Epoch 10/40] Train Loss: 0.2134 Acc: 0.9912 | Val LogLoss: 0.0544 Acc: 1.0000
[Epoch 11/40] Train Loss: 0.2081 Acc: 0.9948 | Val LogLoss: 0.0655 Acc: 0.9955
[Epoch 12/40] Train Loss: 0.2140 Acc: 0.9918 | Val LogLoss: 0.0586 Acc: 0.9955
[Epoch 13/40] Train Loss: 0.2079 Acc: 0.9958 | Val LogLoss: 0.0617 Acc: 0.9955
[Epoch 14/40] Train Loss: 0.2070 Acc: 0.9960 | Val LogLoss: 0.0626 Acc: 0.9955
[Epoch 15/40] Train Loss: 0.2070 Acc: 0.9960 | Val LogLoss: 0.0630 Acc: 0.9955
[Epoch 16/40] Train Loss: 0.2046 Acc: 0.9972 | Val LogLoss: 0.0654 Acc: 0.9955
  -> Early stopping at epoch 16
Fold 1 complete. Best: 0.0536

==================================================
Fold 2/5
==================================================
Train: 5004, Val: 220
[Epoch 01/40] Train Loss: 0.2897 Acc: 0.9442 | Val LogLoss: 0.0675 Acc: 0.9955
  -> Best model saved! (LogLoss: 0.0675)
[Epoch 02/40] Train Loss: 0.2318 Acc: 0.9822 | Val LogLoss: 0.0676 Acc: 1.0000
[Epoch 03/40] Train Loss: 0.2264 Acc: 0.9858 | Val LogLoss: 0.0542 Acc: 1.0000
  -> Best model saved! (LogLoss: 0.0542)
[Epoch 04/40] Train Loss: 0.2264 Acc: 0.9850 | Val LogLoss: 0.0781 Acc: 0.9864
[Epoch 05/40] Train Loss: 0.2184 Acc: 0.9890 | Val LogLoss: 0.0643 Acc: 0.9955
[Epoch 06/40] Train Loss: 0.2155 Acc: 0.9906 | Val LogLoss: 0.0497 Acc: 1.0000
  -> Best model saved! (LogLoss: 0.0497)
[Epoch 07/40] Train Loss: 0.2146 Acc: 0.9926 | Val LogLoss: 0.0555 Acc: 1.0000
[Epoch 08/40] Train Loss: 0.2123 Acc: 0.9932 | Val LogLoss: 0.0570 Acc: 1.0000
[Epoch 09/40] Train Loss: 0.2150 Acc: 0.9918 | Val LogLoss: 0.0529 Acc: 1.0000
[Epoch 10/40] Train Loss: 0.2162 Acc: 0.9914 | Val LogLoss: 0.0480 Acc: 1.0000
  -> Best model saved! (LogLoss: 0.0480)
[Epoch 11/40] Train Loss: 0.2081 Acc: 0.9950 | Val LogLoss: 0.0491 Acc: 1.0000
[Epoch 12/40] Train Loss: 0.2091 Acc: 0.9960 | Val LogLoss: 0.0535 Acc: 1.0000
[Epoch 13/40] Train Loss: 0.2081 Acc: 0.9958 | Val LogLoss: 0.0518 Acc: 1.0000
[Epoch 14/40] Train Loss: 0.2079 Acc: 0.9950 | Val LogLoss: 0.0488 Acc: 1.0000
[Epoch 15/40] Train Loss: 0.2077 Acc: 0.9950 | Val LogLoss: 0.0483 Acc: 1.0000
[Epoch 16/40] Train Loss: 0.2078 Acc: 0.9954 | Val LogLoss: 0.0518 Acc: 1.0000
Warning: You are sending unauthenticated requests to the HF Hub. Please set a HF_TOKEN to enable higher rate limits and faster downloads.
Device: cuda:0
Model: convnext_small.fb_in22k_ft_in1k
Structural features: 20
Real: 1100, Pseudo: 928
Fold 1/5 — skipped (already done)
Fold 2/5 — skipped (already done)

==================================================
Fold 3/5
==================================================
Train: 5000, Val: 220
[Epoch 01/40] Train Loss: 0.3032 Acc: 0.9376 | Val LogLoss: 0.0659 Acc: 0.9909
  -> Best model saved! (LogLoss: 0.0659)
[Epoch 02/40] Train Loss: 0.2344 Acc: 0.9834 | Val LogLoss: 0.0599 Acc: 0.9955
  -> Best model saved! (LogLoss: 0.0599)
[Epoch 03/40] Train Loss: 0.2284 Acc: 0.9830 | Val LogLoss: 0.3757 Acc: 0.8818
[Epoch 04/40] Train Loss: 0.2309 Acc: 0.9830 | Val LogLoss: 0.0485 Acc: 1.0000
  -> Best model saved! (LogLoss: 0.0485)
[Epoch 05/40] Train Loss: 0.2224 Acc: 0.9874 | Val LogLoss: 0.0545 Acc: 1.0000
[Epoch 06/40] Train Loss: 0.2186 Acc: 0.9896 | Val LogLoss: 0.0803 Acc: 0.9864
[Epoch 07/40] Train Loss: 0.2273 Acc: 0.9840 | Val LogLoss: 0.0663 Acc: 0.9864
[Epoch 08/40] Train Loss: 0.2164 Acc: 0.9906 | Val LogLoss: 0.0534 Acc: 1.0000
[Epoch 09/40] Train Loss: 0.2135 Acc: 0.9928 | Val LogLoss: 0.0499 Acc: 1.0000
[Epoch 10/40] Train Loss: 0.2148 Acc: 0.9916 | Val LogLoss: 0.0505 Acc: 1.0000
[Epoch 11/40] Train Loss: 0.2178 Acc: 0.9902 | Val LogLoss: 0.0471 Acc: 1.0000
  -> Best model saved! (LogLoss: 0.0471)
[Epoch 12/40] Train Loss: 0.2103 Acc: 0.9940 | Val LogLoss: 0.0509 Acc: 1.0000
[Epoch 13/40] Train Loss: 0.2095 Acc: 0.9940 | Val LogLoss: 0.0494 Acc: 1.0000
[Epoch 14/40] Train Loss: 0.2069 Acc: 0.9966 | Val LogLoss: 0.0517 Acc: 1.0000
[Epoch 15/40] Train Loss: 0.2055 Acc: 0.9968 | Val LogLoss: 0.0511 Acc: 1.0000
[Epoch 16/40] Train Loss: 0.2067 Acc: 0.9958 | Val LogLoss: 0.0494 Acc: 1.0000
[Epoch 17/40] Train Loss: 0.2086 Acc: 0.9950 | Val LogLoss: 0.0580 Acc: 1.0000
[Epoch 18/40] Train Loss: 0.2098 Acc: 0.9936 | Val LogLoss: 0.0464 Acc: 1.0000
  -> Best model saved! (LogLoss: 0.0464)
[Epoch 19/40] Train Loss: 0.2072 Acc: 0.9956 | Val LogLoss: 0.0493 Acc: 1.0000
[Epoch 20/40] Train Loss: 0.2048 Acc: 0.9976 | Val LogLoss: 0.0573 Acc: 0.9955
[Epoch 21/40] Train Loss: 0.2058 Acc: 0.9960 | Val LogLoss: 0.0532 Acc: 1.0000
[Epoch 22/40] Train Loss: 0.2049 Acc: 0.9978 | Val LogLoss: 0.0500 Acc: 1.0000
[Epoch 23/40] Train Loss: 0.2036 Acc: 0.9978 | Val LogLoss: 0.0553 Acc: 1.0000
[Epoch 24/40] Train Loss: 0.2010 Acc: 0.9994 | Val LogLoss: 0.0515 Acc: 1.0000
[Epoch 25/40] Train Loss: 0.2027 Acc: 0.9982 | Val LogLoss: 0.0521 Acc: 1.0000
[Epoch 26/40] Train Loss: 0.2033 Acc: 0.9976 | Val LogLoss: 0.0533 Acc: 1.0000
[Epoch 27/40] Train Loss: 0.2029 Acc: 0.9978 | Val LogLoss: 0.0529 Acc: 1.0000
[Epoch 28/40] Train Loss: 0.2024 Acc: 0.9984 | Val LogLoss: 0.0531 Acc: 1.0000
[Epoch 29/40] Train Loss: 0.2027 Acc: 0.9984 | Val LogLoss: 0.0516 Acc: 1.0000
[Epoch 30/40] Train Loss: 0.2025 Acc: 0.9986 | Val LogLoss: 0.0508 Acc: 1.0000
  -> Early stopping at epoch 30
Fold 3 complete. Best: 0.0464

==================================================
Fold 4/5
==================================================
Train: 5000, Val: 220
[Epoch 01/40] Train Loss: 0.2878 Acc: 0.9472 | Val LogLoss: 0.0707 Acc: 0.9955
  -> Best model saved! (LogLoss: 0.0707)
[Epoch 02/40] Train Loss: 0.2292 Acc: 0.9838 | Val LogLoss: 0.0702 Acc: 0.9909
  -> Best model saved! (LogLoss: 0.0702)
[Epoch 03/40] Train Loss: 0.2350 Acc: 0.9816 | Val LogLoss: 0.0721 Acc: 0.9864
[Epoch 04/40] Train Loss: 0.2173 Acc: 0.9910 | Val LogLoss: 0.0698 Acc: 0.9909
  -> Best model saved! (LogLoss: 0.0698)
[Epoch 05/40] Train Loss: 0.2155 Acc: 0.9916 | Val LogLoss: 0.0668 Acc: 0.9955
  -> Best model saved! (LogLoss: 0.0668)
[Epoch 06/40] Train Loss: 0.2152 Acc: 0.9918 | Val LogLoss: 0.1014 Acc: 0.9818
[Epoch 07/40] Train Loss: 0.2190 Acc: 0.9886 | Val LogLoss: 0.0754 Acc: 0.9909
[Epoch 08/40] Train Loss: 0.2154 Acc: 0.9912 | Val LogLoss: 0.0565 Acc: 0.9955
  -> Best model saved! (LogLoss: 0.0565)
[Epoch 09/40] Train Loss: 0.2166 Acc: 0.9894 | Val LogLoss: 0.0677 Acc: 0.9909
[Epoch 10/40] Train Loss: 0.2162 Acc: 0.9914 | Val LogLoss: 0.0665 Acc: 0.9909
[Epoch 11/40] Train Loss: 0.2132 Acc: 0.9918 | Val LogLoss: 0.0606 Acc: 0.9955
[Epoch 12/40] Train Loss: 0.2086 Acc: 0.9942 | Val LogLoss: 0.0841 Acc: 0.9818
[Epoch 13/40] Train Loss: 0.2138 Acc: 0.9914 | Val LogLoss: 0.0492 Acc: 1.0000
  -> Best model saved! (LogLoss: 0.0492)
[Epoch 14/40] Train Loss: 0.2089 Acc: 0.9944 | Val LogLoss: 0.0519 Acc: 1.0000
[Epoch 15/40] Train Loss: 0.2037 Acc: 0.9982 | Val LogLoss: 0.0549 Acc: 0.9955
[Epoch 16/40] Train Loss: 0.2059 Acc: 0.9964 | Val LogLoss: 0.0687 Acc: 0.9909
[Epoch 17/40] Train Loss: 0.2047 Acc: 0.9974 | Val LogLoss: 0.0572 Acc: 0.9955
[Epoch 18/40] Train Loss: 0.2044 Acc: 0.9974 | Val LogLoss: 0.0640 Acc: 0.9955
[Epoch 19/40] Train Loss: 0.2049 Acc: 0.9970 | Val LogLoss: 0.0622 Acc: 0.9955
[Epoch 20/40] Train Loss: 0.2059 Acc: 0.9950 | Val LogLoss: 0.0652 Acc: 0.9955
[Epoch 21/40] Train Loss: 0.2040 Acc: 0.9974 | Val LogLoss: 0.0578 Acc: 0.9955
[Epoch 22/40] Train Loss: 0.2029 Acc: 0.9980 | Val LogLoss: 0.0565 Acc: 0.9955
[Epoch 23/40] Train Loss: 0.2041 Acc: 0.9970 | Val LogLoss: 0.0642 Acc: 0.9955
[Epoch 24/40] Train Loss: 0.2035 Acc: 0.9974 | Val LogLoss: 0.0641 Acc: 0.9955
[Epoch 25/40] Train Loss: 0.2027 Acc: 0.9984 | Val LogLoss: 0.0587 Acc: 0.9955
  -> Early stopping at epoch 25
Fold 4 complete. Best: 0.0492

==================================================
Fold 5/5
==================================================
Train: 5016, Val: 220
[Epoch 01/40] Train Loss: 0.2914 Acc: 0.9462 | Val LogLoss: 0.1005 Acc: 0.9773
  -> Best model saved! (LogLoss: 0.1005)
[Epoch 02/40] Train Loss: 0.2334 Acc: 0.9827 | Val LogLoss: 0.0552 Acc: 0.9955
  -> Best model saved! (LogLoss: 0.0552)
[Epoch 03/40] Train Loss: 0.2292 Acc: 0.9858 | Val LogLoss: 0.0535 Acc: 1.0000
  -> Best model saved! (LogLoss: 0.0535)
[Epoch 04/40] Train Loss: 0.2241 Acc: 0.9874 | Val LogLoss: 0.0773 Acc: 0.9909
[Epoch 05/40] Train Loss: 0.2167 Acc: 0.9924 | Val LogLoss: 0.0576 Acc: 1.0000
[Epoch 06/40] Train Loss: 0.2132 Acc: 0.9932 | Val LogLoss: 0.0602 Acc: 0.9955
[Epoch 07/40] Train Loss: 0.2174 Acc: 0.9906 | Val LogLoss: 0.0658 Acc: 0.9955
[Epoch 08/40] Train Loss: 0.2134 Acc: 0.9918 | Val LogLoss: 0.0533 Acc: 1.0000
  -> Best model saved! (LogLoss: 0.0533)
[Epoch 09/40] Train Loss: 0.2145 Acc: 0.9914 | Val LogLoss: 0.0620 Acc: 0.9955
[Epoch 10/40] Train Loss: 0.2072 Acc: 0.9958 | Val LogLoss: 0.0612 Acc: 0.9955
[Epoch 11/40] Train Loss: 0.2101 Acc: 0.9942 | Val LogLoss: 0.0576 Acc: 0.9955
[Epoch 12/40] Train Loss: 0.2101 Acc: 0.9942 | Val LogLoss: 0.0536 Acc: 1.0000
[Epoch 13/40] Train Loss: 0.2126 Acc: 0.9928 | Val LogLoss: 0.0405 Acc: 1.0000
  -> Best model saved! (LogLoss: 0.0405)
[Epoch 14/40] Train Loss: 0.2108 Acc: 0.9936 | Val LogLoss: 0.0630 Acc: 1.0000
[Epoch 15/40] Train Loss: 0.2115 Acc: 0.9942 | Val LogLoss: 0.0532 Acc: 1.0000
[Epoch 16/40] Train Loss: 0.2065 Acc: 0.9952 | Val LogLoss: 0.0527 Acc: 1.0000
[Epoch 17/40] Train Loss: 0.2043 Acc: 0.9976 | Val LogLoss: 0.0498 Acc: 1.0000
[Epoch 18/40] Train Loss: 0.2071 Acc: 0.9956 | Val LogLoss: 0.0555 Acc: 1.0000
[Epoch 19/40] Train Loss: 0.2051 Acc: 0.9968 | Val LogLoss: 0.0490 Acc: 1.0000
[Epoch 20/40] Train Loss: 0.2041 Acc: 0.9978 | Val LogLoss: 0.0525 Acc: 1.0000
[Epoch 21/40] Train Loss: 0.2044 Acc: 0.9978 | Val LogLoss: 0.0574 Acc: 1.0000
[Epoch 22/40] Train Loss: 0.2047 Acc: 0.9966 | Val LogLoss: 0.0519 Acc: 1.0000
[Epoch 23/40] Train Loss: 0.2068 Acc: 0.9962 | Val LogLoss: 0.0468 Acc: 1.0000
[Epoch 24/40] Train Loss: 0.2036 Acc: 0.9976 | Val LogLoss: 0.0540 Acc: 1.0000
[Epoch 25/40] Train Loss: 0.2042 Acc: 0.9978 | Val LogLoss: 0.0522 Acc: 1.0000
  -> Early stopping at epoch 25
Fold 5 complete. Best: 0.0405

==================================================
Structural Model Complete!
  Fold 1: 0.0464
  Fold 2: 0.0492
  Fold 3: 0.0405
  Mean: 0.0454
==================================================
Device: cuda:0

=== Structural Model Inference ===
Fold 1/5 done
Fold 2/5 done
Fold 3/5 done
Fold 4/5 done
Fold 5/5 done
Structural T=0.7: range [0.0085, 0.9912]
Structural T=0.8: range [0.0153, 0.9839]
Structural T=1.0: range [0.0346, 0.9644]

=== Final Stacking (exp018 + exp020) ===
Meta-learner coefficients: [-3.59802922 -3.66364468 -3.23534262 -1.09759341]
4-model Stacking OOF LogLoss: 0.0075
struct 30% + exp018 70% T=0.7
struct 30% + exp018 70% T=0.8
struct 40% + exp018 60% T=0.7
struct 40% + exp018 60% T=0.8
struct 50% + exp018 50% T=0.7
struct 50% + exp018 50% T=0.8

Done!
