===== Step 1: Video Model Training =====
Device: cuda:0
Total samples: 1100

==================================================
Fold 1/5
==================================================
Train: 880, Val: 220
Traceback (most recent call last):
  File "/home/pascal/Ora/kimjunhee/workspace/dacon/experiments/exp019_physics_kd/step1_video_model.py", line 261, in <module>
    main()
  File "/home/pascal/Ora/kimjunhee/workspace/dacon/experiments/exp019_physics_kd/step1_video_model.py", line 212, in main
    train_loss, train_acc = train_one_epoch(model, train_loader, criterion, optimizer, scaler)
                            ^^^^^^^^^^^^^^^^^^^^^^^^^^^^^^^^^^^^^^^^^^^^^^^^^^^^^^^^^^^^^^^^^^
  File "/home/pascal/Ora/kimjunhee/workspace/dacon/experiments/exp019_physics_kd/step1_video_model.py", line 127, in train_one_epoch
    outputs = model(videos)
              ^^^^^^^^^^^^^
  File "/home/pascal/Ora/kimjunhee/workspace/dacon/.venv/lib/python3.12/site-packages/torch/nn/modules/module.py", line 1776, in _wrapped_call_impl
    return self._call_impl(*args, **kwargs)
           ^^^^^^^^^^^^^^^^^^^^^^^^^^^^^^^^
  File "/home/pascal/Ora/kimjunhee/workspace/dacon/.venv/lib/python3.12/site-packages/torch/nn/modules/module.py", line 1787, in _call_impl
    return forward_call(*args, **kwargs)
           ^^^^^^^^^^^^^^^^^^^^^^^^^^^^^
  File "/home/pascal/Ora/kimjunhee/workspace/dacon/experiments/exp019_physics_kd/step1_video_model.py", line 111, in forward
    return self.backbone(x)
           ^^^^^^^^^^^^^^^^
  File "/home/pascal/Ora/kimjunhee/workspace/dacon/.venv/lib/python3.12/site-packages/torch/nn/modules/module.py", line 1776, in _wrapped_call_impl
    return self._call_impl(*args, **kwargs)
           ^^^^^^^^^^^^^^^^^^^^^^^^^^^^^^^^
  File "/home/pascal/Ora/kimjunhee/workspace/dacon/.venv/lib/python3.12/site-packages/torch/nn/modules/module.py", line 1787, in _call_impl
    return forward_call(*args, **kwargs)
           ^^^^^^^^^^^^^^^^^^^^^^^^^^^^^
  File "/home/pascal/Ora/kimjunhee/workspace/dacon/.venv/lib/python3.12/site-packages/torchvision/models/video/swin_transformer.py", line 466, in forward
    x = self.features(x)  # B _T _H _W C
        ^^^^^^^^^^^^^^^^
  File "/home/pascal/Ora/kimjunhee/workspace/dacon/.venv/lib/python3.12/site-packages/torch/nn/modules/module.py", line 1776, in _wrapped_call_impl
    return self._call_impl(*args, **kwargs)
           ^^^^^^^^^^^^^^^^^^^^^^^^^^^^^^^^
  File "/home/pascal/Ora/kimjunhee/workspace/dacon/.venv/lib/python3.12/site-packages/torch/nn/modules/module.py", line 1787, in _call_impl
    return forward_call(*args, **kwargs)
           ^^^^^^^^^^^^^^^^^^^^^^^^^^^^^
  File "/home/pascal/Ora/kimjunhee/workspace/dacon/.venv/lib/python3.12/site-packages/torch/nn/modules/container.py", line 253, in forward
    input = module(input)
            ^^^^^^^^^^^^^
  File "/home/pascal/Ora/kimjunhee/workspace/dacon/.venv/lib/python3.12/site-packages/torch/nn/modules/module.py", line 1776, in _wrapped_call_impl
    return self._call_impl(*args, **kwargs)
           ^^^^^^^^^^^^^^^^^^^^^^^^^^^^^^^^
  File "/home/pascal/Ora/kimjunhee/workspace/dacon/.venv/lib/python3.12/site-packages/torch/nn/modules/module.py", line 1787, in _call_impl
    return forward_call(*args, **kwargs)
           ^^^^^^^^^^^^^^^^^^^^^^^^^^^^^
  File "/home/pascal/Ora/kimjunhee/workspace/dacon/.venv/lib/python3.12/site-packages/torch/nn/modules/container.py", line 253, in forward
    input = module(input)
            ^^^^^^^^^^^^^
  File "/home/pascal/Ora/kimjunhee/workspace/dacon/.venv/lib/python3.12/site-packages/torch/nn/modules/module.py", line 1776, in _wrapped_call_impl
    return self._call_impl(*args, **kwargs)
           ^^^^^^^^^^^^^^^^^^^^^^^^^^^^^^^^
  File "/home/pascal/Ora/kimjunhee/workspace/dacon/.venv/lib/python3.12/site-packages/torch/nn/modules/module.py", line 1787, in _call_impl
    return forward_call(*args, **kwargs)
           ^^^^^^^^^^^^^^^^^^^^^^^^^^^^^
  File "/home/pascal/Ora/kimjunhee/workspace/dacon/.venv/lib/python3.12/site-packages/torchvision/models/swin_transformer.py", line 453, in forward
    x = x + self.stochastic_depth(self.attn(self.norm1(x)))
                                  ^^^^^^^^^^^^^^^^^^^^^^^^
  File "/home/pascal/Ora/kimjunhee/workspace/dacon/.venv/lib/python3.12/site-packages/torch/nn/modules/module.py", line 1776, in _wrapped_call_impl
    return self._call_impl(*args, **kwargs)
           ^^^^^^^^^^^^^^^^^^^^^^^^^^^^^^^^
  File "/home/pascal/Ora/kimjunhee/workspace/dacon/.venv/lib/python3.12/site-packages/torch/nn/modules/module.py", line 1787, in _call_impl
    return forward_call(*args, **kwargs)
           ^^^^^^^^^^^^^^^^^^^^^^^^^^^^^
  File "/home/pascal/Ora/kimjunhee/workspace/dacon/.venv/lib/python3.12/site-packages/torchvision/models/video/swin_transformer.py", line 303, in forward
    return shifted_window_attention_3d(
           ^^^^^^^^^^^^^^^^^^^^^^^^^^^^
  File "/home/pascal/Ora/kimjunhee/workspace/dacon/.venv/lib/python3.12/site-packages/torchvision/models/video/swin_transformer.py", line 195, in shifted_window_attention_3d
    attn = attn + attn_mask.unsqueeze(1).unsqueeze(0)
           ~~~~~^~~~~~~~~~~~~~~~~~~~~~~~~~~~~~~~~~~~~
torch.OutOfMemoryError: CUDA out of memory. Tried to allocate 902.00 MiB. GPU 0 has a total capacity of 31.35 GiB of which 717.50 MiB is free. Process 34260 has 974.00 MiB memory in use. Process 378768 has 24.57 GiB memory in use. Including non-PyTorch memory, this process has 5.02 GiB memory in use. Of the allocated memory 3.80 GiB is allocated by PyTorch, and 637.87 MiB is reserved by PyTorch but unallocated. If reserved but unallocated memory is large try setting PYTORCH_ALLOC_CONF=expandable_segments:True to avoid fragmentation.  See documentation for Memory Management  (https://pytorch.org/docs/stable/notes/cuda.html#environment-variables)
